{
  "stats": {
    "suites": 1,
    "tests": 10,
    "passes": 9,
    "pending": 0,
    "failures": 1,
    "start": "2021-09-05T10:41:55.312Z",
    "end": "2021-09-05T10:42:19.264Z",
    "duration": 23952,
    "testsRegistered": 10,
    "passPercent": 90,
    "pendingPercent": 0,
    "other": 0,
    "hasOther": false,
    "skipped": 0,
    "hasSkipped": false
  },
  "results": [
    {
      "uuid": "502299a2-3f56-458d-bb71-9b940fec00ab",
      "title": "",
      "fullFile": "cypress/integration/Assignment.feature",
      "file": "cypress/integration/Assignment.feature",
      "beforeHooks": [],
      "afterHooks": [],
      "tests": [],
      "suites": [
        {
          "uuid": "e040910a-978e-4769-b1d5-aad61c4b9b02",
          "title": "The Test",
          "fullFile": "",
          "file": "",
          "beforeHooks": [],
          "afterHooks": [],
          "tests": [
            {
              "title": "Opening web page and checking title",
              "fullTitle": "The Test Opening web page and checking title",
              "timedOut": null,
              "duration": 7067,
              "state": "passed",
              "speed": "slow",
              "pass": true,
              "fail": false,
              "pending": false,
              "context": null,
              "code": "const state = window.testState;\nreturn cy\n  .then(() => state.onStartScenario(scenario, indexedSteps))\n  .then(() =>\n    resolveAndRunBeforeHooks.call(this, scenario.tags, state.feature.name)\n  )\n  .then(() =>\n    indexedSteps.forEach((step) =>\n      stepTest.call(this, state, step, rowData)\n    )\n  )\n  .then(() => state.onFinishScenario(scenario));",
              "err": {},
              "uuid": "26b1278e-9f2a-45a1-a160-79a3bf147550",
              "parentUUID": "e040910a-978e-4769-b1d5-aad61c4b9b02",
              "isHook": false,
              "skipped": false
            },
            {
              "title": "checking logo",
              "fullTitle": "The Test checking logo",
              "timedOut": null,
              "duration": 5274,
              "state": "failed",
              "speed": null,
              "pass": false,
              "fail": true,
              "pending": false,
              "context": null,
              "code": "const state = window.testState;\nreturn cy\n  .then(() => state.onStartScenario(scenario, indexedSteps))\n  .then(() =>\n    resolveAndRunBeforeHooks.call(this, scenario.tags, state.feature.name)\n  )\n  .then(() =>\n    indexedSteps.forEach((step) =>\n      stepTest.call(this, state, step, rowData)\n    )\n  )\n  .then(() => state.onFinishScenario(scenario));",
              "err": {
                "message": "AssertionError: Timed out retrying after 4000ms: Expected to find element: `#if_logo`, but never found it.",
                "estack": "AssertionError: Timed out retrying after 4000ms: Expected to find element: `#if_logo`, but never found it.\n    at Context.eval (http://127.0.0.1:8081/__cypress/tests?p=cypress/integration/Assignment.feature:70:16)\n    at Context.resolveAndRunStepDefinition (http://127.0.0.1:8081/__cypress/tests?p=cypress/integration/Assignment.feature:10805:29)\n    at Context.eval (http://127.0.0.1:8081/__cypress/tests?p=cypress/integration/Assignment.feature:10126:35)",
                "diff": null
              },
              "uuid": "470d9537-bcff-42ee-ae08-3767cb720077",
              "parentUUID": "e040910a-978e-4769-b1d5-aad61c4b9b02",
              "isHook": false,
              "skipped": false
            },
            {
              "title": "click on home page button",
              "fullTitle": "The Test click on home page button",
              "timedOut": null,
              "duration": 575,
              "state": "passed",
              "speed": "slow",
              "pass": true,
              "fail": false,
              "pending": false,
              "context": null,
              "code": "const state = window.testState;\nreturn cy\n  .then(() => state.onStartScenario(scenario, indexedSteps))\n  .then(() =>\n    resolveAndRunBeforeHooks.call(this, scenario.tags, state.feature.name)\n  )\n  .then(() =>\n    indexedSteps.forEach((step) =>\n      stepTest.call(this, state, step, rowData)\n    )\n  )\n  .then(() => state.onFinishScenario(scenario));",
              "err": {},
              "uuid": "75abe49f-4d1d-4f70-844a-21e4efedd8fd",
              "parentUUID": "e040910a-978e-4769-b1d5-aad61c4b9b02",
              "isHook": false,
              "skipped": false
            },
            {
              "title": "check status active for home button",
              "fullTitle": "The Test check status active for home button",
              "timedOut": null,
              "duration": 423,
              "state": "passed",
              "speed": "slow",
              "pass": true,
              "fail": false,
              "pending": false,
              "context": null,
              "code": "const state = window.testState;\nreturn cy\n  .then(() => state.onStartScenario(scenario, indexedSteps))\n  .then(() =>\n    resolveAndRunBeforeHooks.call(this, scenario.tags, state.feature.name)\n  )\n  .then(() =>\n    indexedSteps.forEach((step) =>\n      stepTest.call(this, state, step, rowData)\n    )\n  )\n  .then(() => state.onFinishScenario(scenario));",
              "err": {},
              "uuid": "6db9c4d9-20d9-43bf-855e-6136f136f042",
              "parentUUID": "e040910a-978e-4769-b1d5-aad61c4b9b02",
              "isHook": false,
              "skipped": false
            },
            {
              "title": "check form button is working",
              "fullTitle": "The Test check form button is working",
              "timedOut": null,
              "duration": 281,
              "state": "passed",
              "speed": "slow",
              "pass": true,
              "fail": false,
              "pending": false,
              "context": null,
              "code": "const state = window.testState;\nreturn cy\n  .then(() => state.onStartScenario(scenario, indexedSteps))\n  .then(() =>\n    resolveAndRunBeforeHooks.call(this, scenario.tags, state.feature.name)\n  )\n  .then(() =>\n    indexedSteps.forEach((step) =>\n      stepTest.call(this, state, step, rowData)\n    )\n  )\n  .then(() => state.onFinishScenario(scenario));",
              "err": {},
              "uuid": "2fe7a66d-a565-45b8-87d3-dfc4b48da90d",
              "parentUUID": "e040910a-978e-4769-b1d5-aad61c4b9b02",
              "isHook": false,
              "skipped": false
            },
            {
              "title": "check error button is working",
              "fullTitle": "The Test check error button is working",
              "timedOut": null,
              "duration": 774,
              "state": "passed",
              "speed": "slow",
              "pass": true,
              "fail": false,
              "pending": false,
              "context": null,
              "code": "const state = window.testState;\nreturn cy\n  .then(() => state.onStartScenario(scenario, indexedSteps))\n  .then(() =>\n    resolveAndRunBeforeHooks.call(this, scenario.tags, state.feature.name)\n  )\n  .then(() =>\n    indexedSteps.forEach((step) =>\n      stepTest.call(this, state, step, rowData)\n    )\n  )\n  .then(() => state.onFinishScenario(scenario));",
              "err": {},
              "uuid": "0b4d08b7-b5ed-46c9-b7e0-9de4f8e5f921",
              "parentUUID": "e040910a-978e-4769-b1d5-aad61c4b9b02",
              "isHook": false,
              "skipped": false
            },
            {
              "title": "checking UI Testing button",
              "fullTitle": "The Test checking UI Testing button",
              "timedOut": null,
              "duration": 464,
              "state": "passed",
              "speed": "slow",
              "pass": true,
              "fail": false,
              "pending": false,
              "context": null,
              "code": "const state = window.testState;\nreturn cy\n  .then(() => state.onStartScenario(scenario, indexedSteps))\n  .then(() =>\n    resolveAndRunBeforeHooks.call(this, scenario.tags, state.feature.name)\n  )\n  .then(() =>\n    indexedSteps.forEach((step) =>\n      stepTest.call(this, state, step, rowData)\n    )\n  )\n  .then(() => state.onFinishScenario(scenario));",
              "err": {},
              "uuid": "6e12adfc-203d-4c01-8aa0-fc2f7c9d6ccf",
              "parentUUID": "e040910a-978e-4769-b1d5-aad61c4b9b02",
              "isHook": false,
              "skipped": false
            },
            {
              "title": "checking heading and p tag",
              "fullTitle": "The Test checking heading and p tag",
              "timedOut": null,
              "duration": 248,
              "state": "passed",
              "speed": "slow",
              "pass": true,
              "fail": false,
              "pending": false,
              "context": null,
              "code": "const state = window.testState;\nreturn cy\n  .then(() => state.onStartScenario(scenario, indexedSteps))\n  .then(() =>\n    resolveAndRunBeforeHooks.call(this, scenario.tags, state.feature.name)\n  )\n  .then(() =>\n    indexedSteps.forEach((step) =>\n      stepTest.call(this, state, step, rowData)\n    )\n  )\n  .then(() => state.onFinishScenario(scenario));",
              "err": {},
              "uuid": "98a2d697-c6d6-4c40-adc4-16fab8684b79",
              "parentUUID": "e040910a-978e-4769-b1d5-aad61c4b9b02",
              "isHook": false,
              "skipped": false
            },
            {
              "title": "checking input field and button",
              "fullTitle": "The Test checking input field and button",
              "timedOut": null,
              "duration": 297,
              "state": "passed",
              "speed": "slow",
              "pass": true,
              "fail": false,
              "pending": false,
              "context": null,
              "code": "const state = window.testState;\nreturn cy\n  .then(() => state.onStartScenario(scenario, indexedSteps))\n  .then(() =>\n    resolveAndRunBeforeHooks.call(this, scenario.tags, state.feature.name)\n  )\n  .then(() =>\n    indexedSteps.forEach((step) =>\n      stepTest.call(this, state, step, rowData)\n    )\n  )\n  .then(() => state.onFinishScenario(scenario));",
              "err": {},
              "uuid": "eb28e5c6-cae4-48f8-8fe3-ff875e68e82b",
              "parentUUID": "e040910a-978e-4769-b1d5-aad61c4b9b02",
              "isHook": false,
              "skipped": false
            },
            {
              "title": "check result of form",
              "fullTitle": "The Test check result of form",
              "timedOut": null,
              "duration": 5052,
              "state": "passed",
              "speed": "slow",
              "pass": true,
              "fail": false,
              "pending": false,
              "context": null,
              "code": "const state = window.testState;\nreturn cy\n  .then(() => state.onStartScenario(scenario, indexedSteps))\n  .then(() =>\n    resolveAndRunBeforeHooks.call(this, scenario.tags, state.feature.name)\n  )\n  .then(() =>\n    indexedSteps.forEach((step) =>\n      stepTest.call(this, state, step, rowData)\n    )\n  )\n  .then(() => state.onFinishScenario(scenario));",
              "err": {},
              "uuid": "f7b144d5-56ee-4d69-a4f0-aed12783b1ed",
              "parentUUID": "e040910a-978e-4769-b1d5-aad61c4b9b02",
              "isHook": false,
              "skipped": false
            }
          ],
          "suites": [],
          "passes": [
            "26b1278e-9f2a-45a1-a160-79a3bf147550",
            "75abe49f-4d1d-4f70-844a-21e4efedd8fd",
            "6db9c4d9-20d9-43bf-855e-6136f136f042",
            "2fe7a66d-a565-45b8-87d3-dfc4b48da90d",
            "0b4d08b7-b5ed-46c9-b7e0-9de4f8e5f921",
            "6e12adfc-203d-4c01-8aa0-fc2f7c9d6ccf",
            "98a2d697-c6d6-4c40-adc4-16fab8684b79",
            "eb28e5c6-cae4-48f8-8fe3-ff875e68e82b",
            "f7b144d5-56ee-4d69-a4f0-aed12783b1ed"
          ],
          "failures": [
            "470d9537-bcff-42ee-ae08-3767cb720077"
          ],
          "pending": [],
          "skipped": [],
          "duration": 20455,
          "root": false,
          "rootEmpty": false,
          "_timeout": 2000
        }
      ],
      "passes": [],
      "failures": [],
      "pending": [],
      "skipped": [],
      "duration": 0,
      "root": true,
      "rootEmpty": true,
      "_timeout": 2000
    }
  ],
  "meta": {
    "mocha": {
      "version": "7.0.1"
    },
    "mochawesome": {
      "options": {
        "quiet": false,
        "reportFilename": "mochawesome",
        "saveHtml": true,
        "saveJson": true,
        "consoleReporter": "spec",
        "useInlineDiffs": false,
        "code": true
      },
      "version": "6.2.2"
    },
    "marge": {
      "options": null,
      "version": "5.2.0"
    }
  }
}